<?xml version="1.0" encoding="UTF-8"?>
<testsuite name="com.example.challenge.services.RateLimiterServiceTest" tests="2" skipped="0" failures="0" errors="0" timestamp="2023-03-04T19:15:08" hostname="AR0C02GF1F8Q05N" time="0.018">
  <properties/>
  <testcase name="testWhenBucketReturnFalseBecauseDoesNotHaveTokens()" classname="com.example.challenge.services.RateLimiterServiceTest" time="0.017"/>
  <testcase name="testWhenBucketReturnTrueBecauseStillHasTokens()" classname="com.example.challenge.services.RateLimiterServiceTest" time="0.001"/>
  <system-out><![CDATA[]]></system-out>
  <system-err><![CDATA[]]></system-err>
</testsuite>
