<?xml version="1.0" encoding="UTF-8"?>
<testsuite name="com.example.challenge.services.ConsumerServiceTest" tests="1" skipped="0" failures="0" errors="0" timestamp="2023-03-05T15:12:32" hostname="AR0C02GF1F8Q05N" time="0.031">
  <properties/>
  <testcase name="testCallToSaveMethod()" classname="com.example.challenge.services.ConsumerServiceTest" time="0.031"/>
  <system-out><![CDATA[]]></system-out>
  <system-err><![CDATA[]]></system-err>
</testsuite>
