<?xml version="1.0" encoding="UTF-8"?>
<testsuite name="com.example.challenge.controllers.PingControllerTest" tests="1" skipped="0" failures="0" errors="0" timestamp="2023-03-04T19:15:04" hostname="AR0C02GF1F8Q05N" time="0.004">
  <properties/>
  <testcase name="testPingController()" classname="com.example.challenge.controllers.PingControllerTest" time="0.004"/>
  <system-out><![CDATA[2023-03-04 16:15:04.279  INFO 73422 --- [    Test worker] .b.t.a.w.s.WebMvcTestContextBootstrapper : Neither @ContextConfiguration nor @ContextHierarchy found for test class [com.example.challenge.controllers.PingControllerTest], using SpringBootContextLoader
2023-03-04 16:15:04.280  INFO 73422 --- [    Test worker] o.s.t.c.support.AbstractContextLoader    : Could not detect default resource locations for test class [com.example.challenge.controllers.PingControllerTest]: no resource found for suffixes {-context.xml, Context.groovy}.
2023-03-04 16:15:04.280  INFO 73422 --- [    Test worker] t.c.s.AnnotationConfigContextLoaderUtils : Could not detect default configuration classes for test class [com.example.challenge.controllers.PingControllerTest]: PingControllerTest does not declare any static, non-private, non-final, nested classes annotated with @Configuration.
2023-03-04 16:15:04.284  INFO 73422 --- [    Test worker] .b.t.c.SpringBootTestContextBootstrapper : Found @SpringBootConfiguration com.example.challenge.ChallengeApplication for test class com.example.challenge.controllers.PingControllerTest
2023-03-04 16:15:04.285  INFO 73422 --- [    Test worker] .b.t.a.w.s.WebMvcTestContextBootstrapper : Loaded default TestExecutionListener class names from location [META-INF/spring.factories]: [org.springframework.boot.test.autoconfigure.restdocs.RestDocsTestExecutionListener, org.springframework.boot.test.autoconfigure.web.client.MockRestServiceServerResetTestExecutionListener, org.springframework.boot.test.autoconfigure.web.servlet.MockMvcPrintOnlyOnFailureTestExecutionListener, org.springframework.boot.test.autoconfigure.web.servlet.WebDriverTestExecutionListener, org.springframework.boot.test.autoconfigure.webservices.client.MockWebServiceServerTestExecutionListener, org.springframework.boot.test.mock.mockito.MockitoTestExecutionListener, org.springframework.boot.test.mock.mockito.ResetMocksTestExecutionListener, org.springframework.test.context.web.ServletTestExecutionListener, org.springframework.test.context.support.DirtiesContextBeforeModesTestExecutionListener, org.springframework.test.context.event.ApplicationEventsTestExecutionListener, org.springframework.test.context.support.DependencyInjectionTestExecutionListener, org.springframework.test.context.support.DirtiesContextTestExecutionListener, org.springframework.test.context.transaction.TransactionalTestExecutionListener, org.springframework.test.context.jdbc.SqlScriptsTestExecutionListener, org.springframework.test.context.event.EventPublishingTestExecutionListener]
2023-03-04 16:15:04.285  INFO 73422 --- [    Test worker] .b.t.a.w.s.WebMvcTestContextBootstrapper : Using TestExecutionListeners: [org.springframework.test.context.web.ServletTestExecutionListener@4e4bfd9c, org.springframework.test.context.support.DirtiesContextBeforeModesTestExecutionListener@43ee1cf7, org.springframework.test.context.event.ApplicationEventsTestExecutionListener@24954e82, org.springframework.boot.test.mock.mockito.MockitoTestExecutionListener@5b1f5fcc, org.springframework.boot.test.autoconfigure.SpringBootDependencyInjectionTestExecutionListener@4a29fe2e, org.springframework.test.context.support.DirtiesContextTestExecutionListener@79135a38, org.springframework.test.context.transaction.TransactionalTestExecutionListener@77fceac6, org.springframework.test.context.jdbc.SqlScriptsTestExecutionListener@563c3aca, org.springframework.test.context.event.EventPublishingTestExecutionListener@53e166ad, org.springframework.boot.test.autoconfigure.restdocs.RestDocsTestExecutionListener@30c03473, org.springframework.boot.test.autoconfigure.web.client.MockRestServiceServerResetTestExecutionListener@20fa5277, org.springframework.boot.test.autoconfigure.web.servlet.MockMvcPrintOnlyOnFailureTestExecutionListener@17a7d6c8, org.springframework.boot.test.autoconfigure.web.servlet.WebDriverTestExecutionListener@4f2b1e9f, org.springframework.boot.test.autoconfigure.webservices.client.MockWebServiceServerTestExecutionListener@7ef9c8a5, org.springframework.boot.test.mock.mockito.ResetMocksTestExecutionListener@c6244e7]

  .   ____          _            __ _ _
 /\\ / ___'_ __ _ _(_)_ __  __ _ \ \ \ \
( ( )\___ | '_ | '_| | '_ \/ _` | \ \ \ \
 \\/  ___)| |_)| | | | | || (_| |  ) ) ) )
  '  |____| .__|_| |_|_| |_\__, | / / / /
 =========|_|==============|___/=/_/_/_/
 :: Spring Boot ::       (v2.7.0-SNAPSHOT)

2023-03-04 16:15:04.300  WARN 73422 --- [    Test worker] ory$DuplicateJsonObjectContextCustomizer : 

Found multiple occurrences of org.json.JSONObject on the class path:

	jar:file:/Users/mamoreno/.gradle/caches/modules-2/files-2.1/org.json/json/20220924/5aa95e7688f76c664af205c5937620f02688dfbc/json-20220924.jar!/org/json/JSONObject.class
	jar:file:/Users/mamoreno/.gradle/caches/modules-2/files-2.1/com.vaadin.external.google/android-json/0.0.20131108.vaadin1/fa26d351fe62a6a17f5cda1287c1c6110dec413f/android-json-0.0.20131108.vaadin1.jar!/org/json/JSONObject.class

You may wish to exclude one of them to ensure predictable runtime behavior

2023-03-04 16:15:04.301  INFO 73422 --- [    Test worker] c.e.c.controllers.PingControllerTest     : Starting PingControllerTest using Java 11.0.17 on AR0C02GF1F8Q05N with PID 73422 (started by mamoreno in /Users/mamoreno/challenge)
2023-03-04 16:15:04.301  INFO 73422 --- [    Test worker] c.e.c.controllers.PingControllerTest     : No active profile set, falling back to 1 default profile: "default"
2023-03-04 16:15:04.760  INFO 73422 --- [    Test worker] o.s.b.t.m.w.SpringBootMockServletContext : Initializing Spring TestDispatcherServlet ''
2023-03-04 16:15:04.761  INFO 73422 --- [    Test worker] o.s.t.web.servlet.TestDispatcherServlet  : Initializing Servlet ''
2023-03-04 16:15:04.761  INFO 73422 --- [    Test worker] o.s.t.web.servlet.TestDispatcherServlet  : Completed initialization in 0 ms
2023-03-04 16:15:04.770  INFO 73422 --- [    Test worker] c.e.c.controllers.PingControllerTest     : Started PingControllerTest in 0.483 seconds (JVM running for 3.372)
]]></system-out>
  <system-err><![CDATA[]]></system-err>
</testsuite>
