<?xml version="1.0" encoding="UTF-8"?>
<testsuite name="com.example.challenge.controllers.PingControllerTest" tests="1" skipped="0" failures="0" errors="0" timestamp="2023-03-05T15:12:32" hostname="AR0C02GF1F8Q05N" time="0.003">
  <properties/>
  <testcase name="testPingController()" classname="com.example.challenge.controllers.PingControllerTest" time="0.003"/>
  <system-out><![CDATA[2023-03-05 12:12:31.940  INFO 87950 --- [    Test worker] .b.t.a.w.s.WebMvcTestContextBootstrapper : Neither @ContextConfiguration nor @ContextHierarchy found for test class [com.example.challenge.controllers.PingControllerTest], using SpringBootContextLoader
2023-03-05 12:12:31.941  INFO 87950 --- [    Test worker] o.s.t.c.support.AbstractContextLoader    : Could not detect default resource locations for test class [com.example.challenge.controllers.PingControllerTest]: no resource found for suffixes {-context.xml, Context.groovy}.
2023-03-05 12:12:31.941  INFO 87950 --- [    Test worker] t.c.s.AnnotationConfigContextLoaderUtils : Could not detect default configuration classes for test class [com.example.challenge.controllers.PingControllerTest]: PingControllerTest does not declare any static, non-private, non-final, nested classes annotated with @Configuration.
2023-03-05 12:12:31.944  INFO 87950 --- [    Test worker] .b.t.c.SpringBootTestContextBootstrapper : Found @SpringBootConfiguration com.example.challenge.ChallengeApplication for test class com.example.challenge.controllers.PingControllerTest
2023-03-05 12:12:31.944  INFO 87950 --- [    Test worker] .b.t.a.w.s.WebMvcTestContextBootstrapper : Loaded default TestExecutionListener class names from location [META-INF/spring.factories]: [org.springframework.boot.test.autoconfigure.restdocs.RestDocsTestExecutionListener, org.springframework.boot.test.autoconfigure.web.client.MockRestServiceServerResetTestExecutionListener, org.springframework.boot.test.autoconfigure.web.servlet.MockMvcPrintOnlyOnFailureTestExecutionListener, org.springframework.boot.test.autoconfigure.web.servlet.WebDriverTestExecutionListener, org.springframework.boot.test.autoconfigure.webservices.client.MockWebServiceServerTestExecutionListener, org.springframework.boot.test.mock.mockito.MockitoTestExecutionListener, org.springframework.boot.test.mock.mockito.ResetMocksTestExecutionListener, org.springframework.test.context.web.ServletTestExecutionListener, org.springframework.test.context.support.DirtiesContextBeforeModesTestExecutionListener, org.springframework.test.context.event.ApplicationEventsTestExecutionListener, org.springframework.test.context.support.DependencyInjectionTestExecutionListener, org.springframework.test.context.support.DirtiesContextTestExecutionListener, org.springframework.test.context.transaction.TransactionalTestExecutionListener, org.springframework.test.context.jdbc.SqlScriptsTestExecutionListener, org.springframework.test.context.event.EventPublishingTestExecutionListener]
2023-03-05 12:12:31.945  INFO 87950 --- [    Test worker] .b.t.a.w.s.WebMvcTestContextBootstrapper : Using TestExecutionListeners: [org.springframework.test.context.web.ServletTestExecutionListener@6ffdbeef, org.springframework.test.context.support.DirtiesContextBeforeModesTestExecutionListener@4a3509b0, org.springframework.test.context.event.ApplicationEventsTestExecutionListener@3d7314b3, org.springframework.boot.test.mock.mockito.MockitoTestExecutionListener@d677be9, org.springframework.boot.test.autoconfigure.SpringBootDependencyInjectionTestExecutionListener@fefb66c, org.springframework.test.context.support.DirtiesContextTestExecutionListener@6d7556a8, org.springframework.test.context.transaction.TransactionalTestExecutionListener@48860139, org.springframework.test.context.jdbc.SqlScriptsTestExecutionListener@7e0883f3, org.springframework.test.context.event.EventPublishingTestExecutionListener@ca60688, org.springframework.boot.test.autoconfigure.restdocs.RestDocsTestExecutionListener@4ba1c1a2, org.springframework.boot.test.autoconfigure.web.client.MockRestServiceServerResetTestExecutionListener@33568e26, org.springframework.boot.test.autoconfigure.web.servlet.MockMvcPrintOnlyOnFailureTestExecutionListener@97b84a4, org.springframework.boot.test.autoconfigure.web.servlet.WebDriverTestExecutionListener@35555145, org.springframework.boot.test.autoconfigure.webservices.client.MockWebServiceServerTestExecutionListener@70bc3a9c, org.springframework.boot.test.mock.mockito.ResetMocksTestExecutionListener@771cbd13]

  .   ____          _            __ _ _
 /\\ / ___'_ __ _ _(_)_ __  __ _ \ \ \ \
( ( )\___ | '_ | '_| | '_ \/ _` | \ \ \ \
 \\/  ___)| |_)| | | | | || (_| |  ) ) ) )
  '  |____| .__|_| |_|_| |_\__, | / / / /
 =========|_|==============|___/=/_/_/_/
 :: Spring Boot ::       (v2.7.0-SNAPSHOT)

2023-03-05 12:12:31.957  WARN 87950 --- [    Test worker] ory$DuplicateJsonObjectContextCustomizer : 

Found multiple occurrences of org.json.JSONObject on the class path:

	jar:file:/Users/mamoreno/.gradle/caches/modules-2/files-2.1/org.json/json/20220924/5aa95e7688f76c664af205c5937620f02688dfbc/json-20220924.jar!/org/json/JSONObject.class
	jar:file:/Users/mamoreno/.gradle/caches/modules-2/files-2.1/com.vaadin.external.google/android-json/0.0.20131108.vaadin1/fa26d351fe62a6a17f5cda1287c1c6110dec413f/android-json-0.0.20131108.vaadin1.jar!/org/json/JSONObject.class

You may wish to exclude one of them to ensure predictable runtime behavior

2023-03-05 12:12:31.957  INFO 87950 --- [    Test worker] c.e.c.controllers.PingControllerTest     : Starting PingControllerTest using Java 11.0.17 on AR0C02GF1F8Q05N with PID 87950 (started by mamoreno in /Users/mamoreno/challenge)
2023-03-05 12:12:31.957  INFO 87950 --- [    Test worker] c.e.c.controllers.PingControllerTest     : No active profile set, falling back to 1 default profile: "default"
2023-03-05 12:12:32.462  INFO 87950 --- [    Test worker] o.s.b.t.m.w.SpringBootMockServletContext : Initializing Spring TestDispatcherServlet ''
2023-03-05 12:12:32.462  INFO 87950 --- [    Test worker] o.s.t.web.servlet.TestDispatcherServlet  : Initializing Servlet ''
2023-03-05 12:12:32.462  INFO 87950 --- [    Test worker] o.s.t.web.servlet.TestDispatcherServlet  : Completed initialization in 0 ms
2023-03-05 12:12:32.468  INFO 87950 --- [    Test worker] c.e.c.controllers.PingControllerTest     : Started PingControllerTest in 0.522 seconds (JVM running for 3.34)
]]></system-out>
  <system-err><![CDATA[]]></system-err>
</testsuite>
