<?xml version="1.0" encoding="UTF-8"?>
<testsuite name="com.example.challenge.services.ProducerServiceTest" tests="1" skipped="0" failures="0" errors="0" timestamp="2023-03-05T15:12:36" hostname="AR0C02GF1F8Q05N" time="0.129">
  <properties/>
  <testcase name="testCallToRabbitTemplate()" classname="com.example.challenge.services.ProducerServiceTest" time="0.129"/>
  <system-out><![CDATA[]]></system-out>
  <system-err><![CDATA[]]></system-err>
</testsuite>
