<?xml version="1.0" encoding="UTF-8"?>
<testsuite name="com.example.challenge.controllers.ChallengeControllerTest" tests="4" skipped="0" failures="0" errors="0" timestamp="2023-03-05T15:12:31" hostname="AR0C02GF1F8Q05N" time="0.144">
  <properties/>
  <testcase name="testHappuyPathController()" classname="com.example.challenge.controllers.ChallengeControllerTest" time="0.116"/>
  <testcase name="testHappuyPathController2()" classname="com.example.challenge.controllers.ChallengeControllerTest" time="0.009"/>
  <testcase name="testHappuyPathController3()" classname="com.example.challenge.controllers.ChallengeControllerTest" time="0.004"/>
  <testcase name="testHappuyPathController4()" classname="com.example.challenge.controllers.ChallengeControllerTest" time="0.01"/>
  <system-out><![CDATA[12:12:29.714 [Test worker] DEBUG org.springframework.test.context.BootstrapUtils - Instantiating CacheAwareContextLoaderDelegate from class [org.springframework.test.context.cache.DefaultCacheAwareContextLoaderDelegate]
12:12:29.720 [Test worker] DEBUG org.springframework.test.context.BootstrapUtils - Instantiating BootstrapContext using constructor [public org.springframework.test.context.support.DefaultBootstrapContext(java.lang.Class,org.springframework.test.context.CacheAwareContextLoaderDelegate)]
12:12:29.742 [Test worker] DEBUG org.springframework.test.context.BootstrapUtils - Instantiating TestContextBootstrapper for test class [com.example.challenge.controllers.ChallengeControllerTest] from class [org.springframework.boot.test.autoconfigure.web.servlet.WebMvcTestContextBootstrapper]
12:12:29.748 [Test worker] INFO org.springframework.boot.test.autoconfigure.web.servlet.WebMvcTestContextBootstrapper - Neither @ContextConfiguration nor @ContextHierarchy found for test class [com.example.challenge.controllers.ChallengeControllerTest], using SpringBootContextLoader
12:12:29.750 [Test worker] DEBUG org.springframework.test.context.support.AbstractContextLoader - Did not detect default resource location for test class [com.example.challenge.controllers.ChallengeControllerTest]: class path resource [com/example/challenge/controllers/ChallengeControllerTest-context.xml] does not exist
12:12:29.750 [Test worker] DEBUG org.springframework.test.context.support.AbstractContextLoader - Did not detect default resource location for test class [com.example.challenge.controllers.ChallengeControllerTest]: class path resource [com/example/challenge/controllers/ChallengeControllerTestContext.groovy] does not exist
12:12:29.751 [Test worker] INFO org.springframework.test.context.support.AbstractContextLoader - Could not detect default resource locations for test class [com.example.challenge.controllers.ChallengeControllerTest]: no resource found for suffixes {-context.xml, Context.groovy}.
12:12:29.751 [Test worker] INFO org.springframework.test.context.support.AnnotationConfigContextLoaderUtils - Could not detect default configuration classes for test class [com.example.challenge.controllers.ChallengeControllerTest]: ChallengeControllerTest does not declare any static, non-private, non-final, nested classes annotated with @Configuration.
12:12:29.792 [Test worker] DEBUG org.springframework.test.context.support.ActiveProfilesUtils - Could not find an 'annotation declaring class' for annotation type [org.springframework.test.context.ActiveProfiles] and class [com.example.challenge.controllers.ChallengeControllerTest]
12:12:29.839 [Test worker] DEBUG org.springframework.context.annotation.ClassPathScanningCandidateComponentProvider - Identified candidate component class: file [/Users/mamoreno/challenge/build/classes/java/main/com/example/challenge/ChallengeApplication.class]
12:12:29.839 [Test worker] INFO org.springframework.boot.test.context.SpringBootTestContextBootstrapper - Found @SpringBootConfiguration com.example.challenge.ChallengeApplication for test class com.example.challenge.controllers.ChallengeControllerTest
12:12:29.841 [Test worker] DEBUG org.springframework.boot.test.autoconfigure.web.servlet.WebMvcTestContextBootstrapper - @TestExecutionListeners is not present for class [com.example.challenge.controllers.ChallengeControllerTest]: using defaults.
12:12:29.841 [Test worker] INFO org.springframework.boot.test.autoconfigure.web.servlet.WebMvcTestContextBootstrapper - Loaded default TestExecutionListener class names from location [META-INF/spring.factories]: [org.springframework.boot.test.autoconfigure.restdocs.RestDocsTestExecutionListener, org.springframework.boot.test.autoconfigure.web.client.MockRestServiceServerResetTestExecutionListener, org.springframework.boot.test.autoconfigure.web.servlet.MockMvcPrintOnlyOnFailureTestExecutionListener, org.springframework.boot.test.autoconfigure.web.servlet.WebDriverTestExecutionListener, org.springframework.boot.test.autoconfigure.webservices.client.MockWebServiceServerTestExecutionListener, org.springframework.boot.test.mock.mockito.MockitoTestExecutionListener, org.springframework.boot.test.mock.mockito.ResetMocksTestExecutionListener, org.springframework.test.context.web.ServletTestExecutionListener, org.springframework.test.context.support.DirtiesContextBeforeModesTestExecutionListener, org.springframework.test.context.event.ApplicationEventsTestExecutionListener, org.springframework.test.context.support.DependencyInjectionTestExecutionListener, org.springframework.test.context.support.DirtiesContextTestExecutionListener, org.springframework.test.context.transaction.TransactionalTestExecutionListener, org.springframework.test.context.jdbc.SqlScriptsTestExecutionListener, org.springframework.test.context.event.EventPublishingTestExecutionListener]
12:12:29.851 [Test worker] INFO org.springframework.boot.test.autoconfigure.web.servlet.WebMvcTestContextBootstrapper - Using TestExecutionListeners: [org.springframework.test.context.web.ServletTestExecutionListener@74d7184a, org.springframework.test.context.support.DirtiesContextBeforeModesTestExecutionListener@51b01960, org.springframework.test.context.event.ApplicationEventsTestExecutionListener@6831d8fd, org.springframework.boot.test.mock.mockito.MockitoTestExecutionListener@27dc79f7, org.springframework.boot.test.autoconfigure.SpringBootDependencyInjectionTestExecutionListener@6b85300e, org.springframework.test.context.support.DirtiesContextTestExecutionListener@3aaf4f07, org.springframework.test.context.transaction.TransactionalTestExecutionListener@5cbf9e9f, org.springframework.test.context.jdbc.SqlScriptsTestExecutionListener@18e8473e, org.springframework.test.context.event.EventPublishingTestExecutionListener@5a2f016d, org.springframework.boot.test.autoconfigure.restdocs.RestDocsTestExecutionListener@1a38ba58, org.springframework.boot.test.autoconfigure.web.client.MockRestServiceServerResetTestExecutionListener@3ad394e6, org.springframework.boot.test.autoconfigure.web.servlet.MockMvcPrintOnlyOnFailureTestExecutionListener@6058e535, org.springframework.boot.test.autoconfigure.web.servlet.WebDriverTestExecutionListener@42deb43a, org.springframework.boot.test.autoconfigure.webservices.client.MockWebServiceServerTestExecutionListener@1deb2c43, org.springframework.boot.test.mock.mockito.ResetMocksTestExecutionListener@3bb9efbc]
12:12:29.853 [Test worker] DEBUG org.springframework.test.context.support.AbstractDirtiesContextTestExecutionListener - Before test class: context [DefaultTestContext@57a4d5ee testClass = ChallengeControllerTest, testInstance = [null], testMethod = [null], testException = [null], mergedContextConfiguration = [WebMergedContextConfiguration@5af5def9 testClass = ChallengeControllerTest, locations = '{}', classes = '{class com.example.challenge.ChallengeApplication}', contextInitializerClasses = '[]', activeProfiles = '{}', propertySourceLocations = '{}', propertySourceProperties = '{org.springframework.boot.test.autoconfigure.web.servlet.WebMvcTestContextBootstrapper=true}', contextCustomizers = set[org.springframework.boot.test.autoconfigure.OverrideAutoConfigurationContextCustomizerFactory$DisableAutoConfigurationContextCustomizer@5049d8b2, org.springframework.boot.test.autoconfigure.actuate.metrics.MetricsExportContextCustomizerFactory$DisableMetricExportContextCustomizer@346a361, org.springframework.boot.test.autoconfigure.filter.TypeExcludeFiltersContextCustomizer@950e574a, org.springframework.boot.test.autoconfigure.properties.PropertyMappingContextCustomizer@fc2d9769, org.springframework.boot.test.autoconfigure.web.servlet.WebDriverContextCustomizerFactory$Customizer@6c67e137, [ImportsContextCustomizer@3a45c42a key = [org.springframework.boot.autoconfigure.cache.CacheAutoConfiguration, org.springframework.boot.autoconfigure.context.MessageSourceAutoConfiguration, org.springframework.boot.autoconfigure.data.web.SpringDataWebAutoConfiguration, org.springframework.boot.autoconfigure.freemarker.FreeMarkerAutoConfiguration, org.springframework.boot.autoconfigure.groovy.template.GroovyTemplateAutoConfiguration, org.springframework.boot.autoconfigure.gson.GsonAutoConfiguration, org.springframework.boot.autoconfigure.hateoas.HypermediaAutoConfiguration, org.springframework.boot.autoconfigure.http.HttpMessageConvertersAutoConfiguration, org.springframework.boot.autoconfigure.jackson.JacksonAutoConfiguration, org.springframework.boot.autoconfigure.jsonb.JsonbAutoConfiguration, org.springframework.boot.autoconfigure.mustache.MustacheAutoConfiguration, org.springframework.boot.autoconfigure.task.TaskExecutionAutoConfiguration, org.springframework.boot.autoconfigure.thymeleaf.ThymeleafAutoConfiguration, org.springframework.boot.autoconfigure.validation.ValidationAutoConfiguration, org.springframework.boot.autoconfigure.web.servlet.error.ErrorMvcAutoConfiguration, org.springframework.boot.autoconfigure.web.servlet.HttpEncodingAutoConfiguration, org.springframework.boot.autoconfigure.web.servlet.WebMvcAutoConfiguration, org.springframework.boot.test.autoconfigure.web.servlet.MockMvcAutoConfiguration, org.springframework.boot.test.autoconfigure.web.servlet.MockMvcWebClientAutoConfiguration, org.springframework.boot.test.autoconfigure.web.servlet.MockMvcWebDriverAutoConfiguration, org.springframework.boot.autoconfigure.security.oauth2.client.servlet.OAuth2ClientAutoConfiguration, org.springframework.boot.autoconfigure.security.oauth2.resource.servlet.OAuth2ResourceServerAutoConfiguration, org.springframework.boot.autoconfigure.security.servlet.SecurityAutoConfiguration, org.springframework.boot.autoconfigure.security.servlet.SecurityFilterAutoConfiguration, org.springframework.boot.autoconfigure.security.servlet.UserDetailsServiceAutoConfiguration, org.springframework.boot.test.autoconfigure.web.servlet.MockMvcSecurityConfiguration, org.springframework.boot.test.autoconfigure.web.reactive.WebTestClientAutoConfiguration]], org.springframework.boot.test.context.filter.ExcludeFilterContextCustomizer@5d25e6bb, org.springframework.boot.test.json.DuplicateJsonObjectContextCustomizerFactory$DuplicateJsonObjectContextCustomizer@2f162cc0, org.springframework.boot.test.mock.mockito.MockitoContextCustomizer@1636f0f5, org.springframework.boot.test.context.SpringBootTestArgs@1, org.springframework.boot.test.context.SpringBootTestWebEnvironment@0], resourceBasePath = 'src/main/webapp', contextLoader = 'org.springframework.boot.test.context.SpringBootContextLoader', parent = [null]], attributes = map[[empty]]], class annotated with @DirtiesContext [false] with mode [null].

  .   ____          _            __ _ _
 /\\ / ___'_ __ _ _(_)_ __  __ _ \ \ \ \
( ( )\___ | '_ | '_| | '_ \/ _` | \ \ \ \
 \\/  ___)| |_)| | | | | || (_| |  ) ) ) )
  '  |____| .__|_| |_|_| |_\__, | / / / /
 =========|_|==============|___/=/_/_/_/
 :: Spring Boot ::       (v2.7.0-SNAPSHOT)

2023-03-05 12:12:30.367  WARN 87950 --- [    Test worker] ory$DuplicateJsonObjectContextCustomizer : 

Found multiple occurrences of org.json.JSONObject on the class path:

	jar:file:/Users/mamoreno/.gradle/caches/modules-2/files-2.1/org.json/json/20220924/5aa95e7688f76c664af205c5937620f02688dfbc/json-20220924.jar!/org/json/JSONObject.class
	jar:file:/Users/mamoreno/.gradle/caches/modules-2/files-2.1/com.vaadin.external.google/android-json/0.0.20131108.vaadin1/fa26d351fe62a6a17f5cda1287c1c6110dec413f/android-json-0.0.20131108.vaadin1.jar!/org/json/JSONObject.class

You may wish to exclude one of them to ensure predictable runtime behavior

2023-03-05 12:12:30.373  INFO 87950 --- [    Test worker] c.e.c.c.ChallengeControllerTest          : Starting ChallengeControllerTest using Java 11.0.17 on AR0C02GF1F8Q05N with PID 87950 (started by mamoreno in /Users/mamoreno/challenge)
2023-03-05 12:12:30.373  INFO 87950 --- [    Test worker] c.e.c.c.ChallengeControllerTest          : No active profile set, falling back to 1 default profile: "default"
2023-03-05 12:12:31.768  INFO 87950 --- [    Test worker] o.s.b.t.m.w.SpringBootMockServletContext : Initializing Spring TestDispatcherServlet ''
2023-03-05 12:12:31.768  INFO 87950 --- [    Test worker] o.s.t.web.servlet.TestDispatcherServlet  : Initializing Servlet ''
2023-03-05 12:12:31.769  INFO 87950 --- [    Test worker] o.s.t.web.servlet.TestDispatcherServlet  : Completed initialization in 1 ms
2023-03-05 12:12:31.787  INFO 87950 --- [    Test worker] c.e.c.c.ChallengeControllerTest          : Started ChallengeControllerTest in 1.636 seconds (JVM running for 2.658)
]]></system-out>
  <system-err><![CDATA[]]></system-err>
</testsuite>
